<?xml version="1.0" encoding="UTF-8"?>
<!-- Generated by org.testng.reporters.JUnitXMLReporter -->
<testsuite ignored="0" hostname="DESKTOP-M7UI3Q0" failures="0" tests="4" name="Default test" time="185.326" errors="0" timestamp="2023-05-20T12:30:46 IST">
  <testcase classname="Test.test" name="verifyText1" time="67.666"/>
  <testcase classname="Test.test" name="verifyText2" time="1.226"/>
  <testcase classname="Test.test" name="verifyText3" time="80.039"/>
  <testcase classname="Test.test" name="verifyText4" time="5.784"/>
</testsuite> <!-- Default test -->
