<?xml version="1.0" encoding="UTF-8"?>
<!-- Generated by org.testng.reporters.JUnitXMLReporter -->
<testsuite ignored="0" hostname="DESKTOP-M7UI3Q0" failures="0" tests="4" name="Default test" time="183.588" errors="0" timestamp="2023-05-30T14:25:36 IST">
  <testcase classname="Test.test" name="verifyText1" time="82.199"/>
  <testcase classname="Test.test" name="verifyText2" time="2.672"/>
  <testcase classname="Test.test" name="verifyText3" time="60.347"/>
  <testcase classname="Test.test" name="verifyText4" time="6.8"/>
</testsuite> <!-- Default test -->
