<?xml version="1.0" encoding="UTF-8"?>
<!-- Generated by org.testng.reporters.JUnitXMLReporter -->
<testsuite ignored="0" hostname="DESKTOP-M7UI3Q0" failures="0" tests="2" name="Test" time="33.433" errors="0" timestamp="2023-05-14T10:08:00 IST">
  <testcase classname="Test.test" name="@BeforeClass OpenBrowser" time="33.024">
    <failure type="org.openqa.selenium.SessionNotCreatedException" message="Could not start a new session. Possible causes are invalid address of the remote server or browser start-up failure. 
Host info: host: &amp;apos;DESKTOP-M7UI3Q0&amp;apos;, ip: &amp;apos;192.168.1.3&amp;apos;">
      <![CDATA[org.openqa.selenium.SessionNotCreatedException: Could not start a new session. Possible causes are invalid address of the remote server or browser start-up failure. 
Host info: host: 'DESKTOP-M7UI3Q0', ip: '192.168.1.3'
at org.openqa.selenium.remote.RemoteWebDriver.execute(RemoteWebDriver.java:561)
at org.openqa.selenium.remote.RemoteWebDriver.startSession(RemoteWebDriver.java:229)
at org.openqa.selenium.remote.RemoteWebDriver.<init>(RemoteWebDriver.java:157)
at org.openqa.selenium.chromium.ChromiumDriver.<init>(ChromiumDriver.java:101)
at org.openqa.selenium.chrome.ChromeDriver.<init>(ChromeDriver.java:88)
at org.openqa.selenium.chrome.ChromeDriver.<init>(ChromeDriver.java:84)
at org.openqa.selenium.chrome.ChromeDriver.<init>(ChromeDriver.java:52)
at Base.base.initializeBrowser(base.java:12)
at Test.test.OpenBrowser(test.java:24)
at java.base/java.util.ArrayList.forEach(ArrayList.java:1511)
Caused by: org.openqa.selenium.WebDriverException: Timed out waiting for driver process to start.
Build info: version: '4.8.3', revision: 'e5e76298c3'
System info: os.name: 'Windows 10', os.arch: 'amd64', os.version: '10.0', java.version: '17.0.2'
Driver info: driver.version: ChromeDriver
at org.openqa.selenium.remote.service.DriverService.start(DriverService.java:208)
at org.openqa.selenium.remote.service.DriverCommandExecutor.execute(DriverCommandExecutor.java:114)
at org.openqa.selenium.remote.RemoteWebDriver.execute(RemoteWebDriver.java:543)
... 34 more
... Removed 25 stack frames]]>
    </failure>
  </testcase> <!-- @BeforeClass OpenBrowser -->
  <testcase classname="Test.test" name="@BeforeMethod OpenApp" time="0.0">
    <skipped/>
  </testcase> <!-- @BeforeMethod OpenApp -->
  <testcase classname="Test.test" name="@AfterMethod logout" time="0.0">
    <skipped/>
  </testcase> <!-- @AfterMethod logout -->
  <testcase classname="Test.test" name="@AfterClass closeBrow" time="0.0">
    <skipped/>
  </testcase> <!-- @AfterClass closeBrow -->
  <testcase classname="Test.test" name="verifyText1" time="0.0">
    <skipped/>
  </testcase> <!-- verifyText1 -->
  <testcase classname="Test.test" name="verifyText2" time="0.001">
    <skipped/>
  </testcase> <!-- verifyText2 -->
</testsuite> <!-- Test -->
