<?xml version="1.0" encoding="UTF-8"?>
<testng-results ignored="0" total="4" passed="4" failed="0" skipped="0">
  <reporter-output>
    <line>
      <![CDATA[Closing browser]]>
    </line>
  </reporter-output>
  <suite started-at="2023-05-20T12:27:35 IST" name="Default suite" finished-at="2023-05-20T12:30:40 IST" duration-ms="185326">
    <groups>
    </groups>
    <test started-at="2023-05-20T12:27:35 IST" name="Default test" finished-at="2023-05-20T12:30:40 IST" duration-ms="185326">
      <class name="Test.test">
        <test-method is-config="true" signature="OpenBrowser()[pri:0, instance:Test.test@7f485fda]" started-at="2023-05-20T12:27:35 IST" name="OpenBrowser" finished-at="2023-05-20T12:28:05 IST" duration-ms="30448" status="PASS">
          <reporter-output>
          </reporter-output>
        </test-method> <!-- OpenBrowser -->
        <test-method is-config="true" signature="OpenApp()[pri:0, instance:Test.test@7f485fda]" started-at="2023-05-20T12:28:05 IST" name="OpenApp" finished-at="2023-05-20T12:28:05 IST" duration-ms="1" status="PASS">
          <reporter-output>
          </reporter-output>
        </test-method> <!-- OpenApp -->
        <test-method signature="verifyText1()[pri:0, instance:Test.test@7f485fda]" started-at="2023-05-20T12:28:05 IST" name="verifyText1" finished-at="2023-05-20T12:29:13 IST" duration-ms="67666" status="PASS">
          <reporter-output>
          </reporter-output>
        </test-method> <!-- verifyText1 -->
        <test-method is-config="true" signature="logout()[pri:0, instance:Test.test@7f485fda]" started-at="2023-05-20T12:29:13 IST" name="logout" finished-at="2023-05-20T12:29:13 IST" duration-ms="4" status="PASS">
          <reporter-output>
          </reporter-output>
        </test-method> <!-- logout -->
        <test-method is-config="true" signature="OpenApp()[pri:0, instance:Test.test@7f485fda]" started-at="2023-05-20T12:29:13 IST" name="OpenApp" finished-at="2023-05-20T12:29:13 IST" duration-ms="1" status="PASS">
          <reporter-output>
          </reporter-output>
        </test-method> <!-- OpenApp -->
        <test-method signature="verifyText2()[pri:0, instance:Test.test@7f485fda]" started-at="2023-05-20T12:29:13 IST" name="verifyText2" finished-at="2023-05-20T12:29:14 IST" duration-ms="1226" status="PASS">
          <reporter-output>
          </reporter-output>
        </test-method> <!-- verifyText2 -->
        <test-method is-config="true" signature="logout()[pri:0, instance:Test.test@7f485fda]" started-at="2023-05-20T12:29:14 IST" name="logout" finished-at="2023-05-20T12:29:14 IST" duration-ms="0" status="PASS">
          <reporter-output>
          </reporter-output>
        </test-method> <!-- logout -->
        <test-method signature="verifyText3()[pri:0, instance:Test.test@7f485fda]" started-at="2023-05-20T12:29:14 IST" name="verifyText3" finished-at="2023-05-20T12:30:34 IST" duration-ms="80039" status="PASS">
          <reporter-output>
          </reporter-output>
        </test-method> <!-- verifyText3 -->
        <test-method is-config="true" signature="OpenApp()[pri:0, instance:Test.test@7f485fda]" started-at="2023-05-20T12:29:14 IST" name="OpenApp" finished-at="2023-05-20T12:29:14 IST" duration-ms="0" status="PASS">
          <reporter-output>
          </reporter-output>
        </test-method> <!-- OpenApp -->
        <test-method is-config="true" signature="logout()[pri:0, instance:Test.test@7f485fda]" started-at="2023-05-20T12:30:34 IST" name="logout" finished-at="2023-05-20T12:30:34 IST" duration-ms="1" status="PASS">
          <reporter-output>
          </reporter-output>
        </test-method> <!-- logout -->
        <test-method is-config="true" signature="OpenApp()[pri:0, instance:Test.test@7f485fda]" started-at="2023-05-20T12:30:34 IST" name="OpenApp" finished-at="2023-05-20T12:30:34 IST" duration-ms="1" status="PASS">
          <reporter-output>
          </reporter-output>
        </test-method> <!-- OpenApp -->
        <test-method signature="verifyText4()[pri:0, instance:Test.test@7f485fda]" started-at="2023-05-20T12:30:34 IST" name="verifyText4" finished-at="2023-05-20T12:30:40 IST" duration-ms="5784" status="PASS">
          <reporter-output>
          </reporter-output>
        </test-method> <!-- verifyText4 -->
        <test-method is-config="true" signature="logout()[pri:0, instance:Test.test@7f485fda]" started-at="2023-05-20T12:30:40 IST" name="logout" finished-at="2023-05-20T12:30:40 IST" duration-ms="0" status="PASS">
          <reporter-output>
          </reporter-output>
        </test-method> <!-- logout -->
        <test-method is-config="true" signature="closeBrow()[pri:0, instance:Test.test@7f485fda]" started-at="2023-05-20T12:30:40 IST" name="closeBrow" finished-at="2023-05-20T12:30:40 IST" duration-ms="2" status="PASS">
          <reporter-output>
            <line>
              <![CDATA[Closing browser]]>
            </line>
          </reporter-output>
        </test-method> <!-- closeBrow -->
      </class> <!-- Test.test -->
    </test> <!-- Default test -->
  </suite> <!-- Default suite -->
</testng-results>
